<?xml version="1.0" encoding="UTF-8"?>
<!-- Generated by org.testng.reporters.JUnitReportReporter -->
<testsuite hostname="LAPTOP-T0NS83VU" failures="0" tests="3" name="Task6TestCases" time="3.618" errors="0" timestamp="2024-06-08T23:02:01 AST" skipped="0">
  <testcase classname="Task6TestCases" name="Log_in" time="2.432"/>
  <system-out/>
  <testcase classname="Task6TestCases" name="verifiyTheWordProductIsThere" time="0.043"/>
  <system-out/>
  <testcase classname="Task6TestCases" name="SortingItems" time="1.143"/>
  <system-out/>
</testsuite> <!-- Task6TestCases -->
